<?xml version="1.0" encoding="UTF-8" ?>
<testsuite tests="3" failures="0" name="de.mpg.biochem.cytokegg.internal.service.KeggServiceTest" time="5.588" errors="0" skipped="0">
  <properties>
    <property name="java.runtime.name" value="Java(TM) SE Runtime Environment"/>
    <property name="sun.boot.library.path" value="/Library/Java/JavaVirtualMachines/jdk1.8.0_40.jdk/Contents/Home/jre/lib"/>
    <property name="java.vm.version" value="25.40-b25"/>
    <property name="user.country.format" value="DE"/>
    <property name="gopherProxySet" value="false"/>
    <property name="java.vm.vendor" value="Oracle Corporation"/>
    <property name="java.vendor.url" value="http://java.oracle.com/"/>
    <property name="path.separator" value=":"/>
    <property name="java.vm.name" value="Java HotSpot(TM) 64-Bit Server VM"/>
    <property name="file.encoding.pkg" value="sun.io"/>
    <property name="user.country" value="US"/>
    <property name="sun.java.launcher" value="SUN_STANDARD"/>
    <property name="sun.os.patch.level" value="unknown"/>
    <property name="java.vm.specification.name" value="Java Virtual Machine Specification"/>
    <property name="user.dir" value="/Users/jvillaveces/Documents/workspace/cytokegg"/>
    <property name="java.runtime.version" value="1.8.0_40-b25"/>
    <property name="java.awt.graphicsenv" value="sun.awt.CGraphicsEnvironment"/>
    <property name="basedir" value="/Users/jvillaveces/Documents/workspace/cytokegg"/>
    <property name="java.endorsed.dirs" value="/Library/Java/JavaVirtualMachines/jdk1.8.0_40.jdk/Contents/Home/jre/lib/endorsed"/>
    <property name="os.arch" value="x86_64"/>
    <property name="surefire.real.class.path" value="/Users/jvillaveces/Documents/workspace/cytokegg/target/surefire/surefirebooter3732511072268080767.jar"/>
    <property name="java.io.tmpdir" value="/var/folders/x0/g6jbqzy53rdcwgfy02yy6swc0000gw/T/"/>
    <property name="line.separator" value="
"/>
    <property name="java.vm.specification.vendor" value="Oracle Corporation"/>
    <property name="os.name" value="Mac OS X"/>
    <property name="sun.jnu.encoding" value="UTF-8"/>
    <property name="java.library.path" value="/Users/jvillaveces/Library/Java/Extensions:/Library/Java/Extensions:/Network/Library/Java/Extensions:/System/Library/Java/Extensions:/usr/lib/java:."/>
    <property name="surefire.test.class.path" value="/Users/jvillaveces/Documents/workspace/cytokegg/target/test-classes:/Users/jvillaveces/Documents/workspace/cytokegg/target/classes:/Users/jvillaveces/.m2/repository/org/osgi/org.osgi.core/4.2.0/org.osgi.core-4.2.0.jar:/Users/jvillaveces/.m2/repository/org/cytoscape/service-api/3.4.0/service-api-3.4.0.jar:/Users/jvillaveces/.m2/repository/org/cytoscape/swing-application-api/3.4.0/swing-application-api-3.4.0.jar:/Users/jvillaveces/.m2/repository/org/cytoscape/work-api/3.4.0/work-api-3.4.0.jar:/Users/jvillaveces/.m2/repository/org/cytoscape/work-swing-api/3.4.0/work-swing-api-3.4.0.jar:/Users/jvillaveces/.m2/repository/org/cytoscape/application-api/3.4.0/application-api-3.4.0.jar:/Users/jvillaveces/.m2/repository/org/cytoscape/presentation-api/3.4.0/presentation-api-3.4.0.jar:/Users/jvillaveces/.m2/repository/org/cytoscape/session-api/3.4.0/session-api-3.4.0.jar:/Users/jvillaveces/.m2/repository/org/cytoscape/model-api/3.4.0/model-api-3.4.0.jar:/Users/jvillaveces/.m2/repository/org/cytoscape/property-api/3.4.0/property-api-3.4.0.jar:/Users/jvillaveces/.m2/repository/org/cytoscape/vizmap-api/3.4.0/vizmap-api-3.4.0.jar:/Users/jvillaveces/.m2/repository/org/cytoscape/viewmodel-api/3.4.0/viewmodel-api-3.4.0.jar:/Users/jvillaveces/.m2/repository/org/cytoscape/event-api/3.4.0/event-api-3.4.0.jar:/Users/jvillaveces/.m2/repository/org/cytoscape/core-task-api/3.4.0/core-task-api-3.4.0.jar:/Users/jvillaveces/.m2/repository/org/cytoscape/io-api/3.4.0/io-api-3.4.0.jar:/Users/jvillaveces/.m2/repository/org/cytoscape/filter-api/3.4.0/filter-api-3.4.0.jar:/Users/jvillaveces/.m2/repository/org/ops4j/pax/logging/pax-logging-api/1.5.2/pax-logging-api-1.5.2.jar:/Users/jvillaveces/.m2/repository/junit/junit/4.12/junit-4.12.jar:/Users/jvillaveces/.m2/repository/org/hamcrest/hamcrest-core/1.3/hamcrest-core-1.3.jar:"/>
    <property name="java.specification.name" value="Java Platform API Specification"/>
    <property name="java.class.version" value="52.0"/>
    <property name="sun.management.compiler" value="HotSpot 64-Bit Tiered Compilers"/>
    <property name="os.version" value="10.11.5"/>
    <property name="http.nonProxyHosts" value="local|*.local|169.254/16|*.169.254/16"/>
    <property name="user.home" value="/Users/jvillaveces"/>
    <property name="user.timezone" value="Europe/Berlin"/>
    <property name="java.awt.printerjob" value="sun.lwawt.macosx.CPrinterJob"/>
    <property name="java.specification.version" value="1.8"/>
    <property name="file.encoding" value="UTF-8"/>
    <property name="user.name" value="jvillaveces"/>
    <property name="java.class.path" value="/Users/jvillaveces/Documents/workspace/cytokegg/target/test-classes:/Users/jvillaveces/Documents/workspace/cytokegg/target/classes:/Users/jvillaveces/.m2/repository/org/osgi/org.osgi.core/4.2.0/org.osgi.core-4.2.0.jar:/Users/jvillaveces/.m2/repository/org/cytoscape/service-api/3.4.0/service-api-3.4.0.jar:/Users/jvillaveces/.m2/repository/org/cytoscape/swing-application-api/3.4.0/swing-application-api-3.4.0.jar:/Users/jvillaveces/.m2/repository/org/cytoscape/work-api/3.4.0/work-api-3.4.0.jar:/Users/jvillaveces/.m2/repository/org/cytoscape/work-swing-api/3.4.0/work-swing-api-3.4.0.jar:/Users/jvillaveces/.m2/repository/org/cytoscape/application-api/3.4.0/application-api-3.4.0.jar:/Users/jvillaveces/.m2/repository/org/cytoscape/presentation-api/3.4.0/presentation-api-3.4.0.jar:/Users/jvillaveces/.m2/repository/org/cytoscape/session-api/3.4.0/session-api-3.4.0.jar:/Users/jvillaveces/.m2/repository/org/cytoscape/model-api/3.4.0/model-api-3.4.0.jar:/Users/jvillaveces/.m2/repository/org/cytoscape/property-api/3.4.0/property-api-3.4.0.jar:/Users/jvillaveces/.m2/repository/org/cytoscape/vizmap-api/3.4.0/vizmap-api-3.4.0.jar:/Users/jvillaveces/.m2/repository/org/cytoscape/viewmodel-api/3.4.0/viewmodel-api-3.4.0.jar:/Users/jvillaveces/.m2/repository/org/cytoscape/event-api/3.4.0/event-api-3.4.0.jar:/Users/jvillaveces/.m2/repository/org/cytoscape/core-task-api/3.4.0/core-task-api-3.4.0.jar:/Users/jvillaveces/.m2/repository/org/cytoscape/io-api/3.4.0/io-api-3.4.0.jar:/Users/jvillaveces/.m2/repository/org/cytoscape/filter-api/3.4.0/filter-api-3.4.0.jar:/Users/jvillaveces/.m2/repository/org/ops4j/pax/logging/pax-logging-api/1.5.2/pax-logging-api-1.5.2.jar:/Users/jvillaveces/.m2/repository/junit/junit/4.12/junit-4.12.jar:/Users/jvillaveces/.m2/repository/org/hamcrest/hamcrest-core/1.3/hamcrest-core-1.3.jar:"/>
    <property name="java.vm.specification.version" value="1.8"/>
    <property name="sun.arch.data.model" value="64"/>
    <property name="java.home" value="/Library/Java/JavaVirtualMachines/jdk1.8.0_40.jdk/Contents/Home/jre"/>
    <property name="sun.java.command" value="/Users/jvillaveces/Documents/workspace/cytokegg/target/surefire/surefirebooter3732511072268080767.jar /Users/jvillaveces/Documents/workspace/cytokegg/target/surefire/surefire743216148887640053tmp /Users/jvillaveces/Documents/workspace/cytokegg/target/surefire/surefire5848094060969020120tmp"/>
    <property name="java.specification.vendor" value="Oracle Corporation"/>
    <property name="user.language" value="en"/>
    <property name="awt.toolkit" value="sun.lwawt.macosx.LWCToolkit"/>
    <property name="java.vm.info" value="mixed mode"/>
    <property name="java.version" value="1.8.0_40"/>
    <property name="java.ext.dirs" value="/Users/jvillaveces/Library/Java/Extensions:/Library/Java/JavaVirtualMachines/jdk1.8.0_40.jdk/Contents/Home/jre/lib/ext:/Library/Java/Extensions:/Network/Library/Java/Extensions:/System/Library/Java/Extensions:/usr/lib/java"/>
    <property name="sun.boot.class.path" value="/Library/Java/JavaVirtualMachines/jdk1.8.0_40.jdk/Contents/Home/jre/lib/resources.jar:/Library/Java/JavaVirtualMachines/jdk1.8.0_40.jdk/Contents/Home/jre/lib/rt.jar:/Library/Java/JavaVirtualMachines/jdk1.8.0_40.jdk/Contents/Home/jre/lib/sunrsasign.jar:/Library/Java/JavaVirtualMachines/jdk1.8.0_40.jdk/Contents/Home/jre/lib/jsse.jar:/Library/Java/JavaVirtualMachines/jdk1.8.0_40.jdk/Contents/Home/jre/lib/jce.jar:/Library/Java/JavaVirtualMachines/jdk1.8.0_40.jdk/Contents/Home/jre/lib/charsets.jar:/Library/Java/JavaVirtualMachines/jdk1.8.0_40.jdk/Contents/Home/jre/lib/jfr.jar:/Library/Java/JavaVirtualMachines/jdk1.8.0_40.jdk/Contents/Home/jre/classes"/>
    <property name="java.vendor" value="Oracle Corporation"/>
    <property name="localRepository" value="/Users/jvillaveces/.m2/repository"/>
    <property name="file.separator" value="/"/>
    <property name="java.vendor.url.bug" value="http://bugreport.sun.com/bugreport/"/>
    <property name="sun.cpu.endian" value="little"/>
    <property name="sun.io.unicode.encoding" value="UnicodeBig"/>
    <property name="socksNonProxyHosts" value="local|*.local|169.254/16|*.169.254/16"/>
    <property name="ftp.nonProxyHosts" value="local|*.local|169.254/16|*.169.254/16"/>
    <property name="sun.cpu.isalist" value=""/>
  </properties>
  <testcase classname="de.mpg.biochem.cytokegg.internal.service.KeggServiceTest" name="testGetPathwaysByOrg" time="1.988"/>
  <testcase classname="de.mpg.biochem.cytokegg.internal.service.KeggServiceTest" name="testFind" time="1.128"/>
  <testcase classname="de.mpg.biochem.cytokegg.internal.service.KeggServiceTest" name="testGetOrganisms" time="2.431"/>
</testsuite>